<?xml version="1.0" encoding="UTF-8"?>
<!-- Generated by org.testng.reporters.JUnitReportReporter -->
<testsuite hostname="IWSL-W01" failures="0" tests="1" name="com.selenium.TestNG_ALL_Annotationa" time="0.008" errors="0" timestamp="2021-03-30T20:54:12 IST" skipped="0">
  <testcase classname="com.selenium.TestNG_ALL_Annotationa" name="test5" time="0.008"/>
  <system-out/>
</testsuite> <!-- com.selenium.TestNG_ALL_Annotationa -->
