<?xml version="1.0" encoding="UTF-8"?>
<!-- Generated by org.testng.reporters.JUnitReportReporter -->
<testsuite hostname="IWSL-W01" failures="0" tests="2" name="com.selenium.VerifyTitle" time="27.234" errors="0" timestamp="2021-03-30T17:08:35 IST" skipped="0">
  <testcase classname="com.selenium.VerifyTitle" name="verifyPageTitle" time="8.354"/>
  <system-out/>
  <testcase classname="com.selenium.VerifyTitle" name="verifyPageTitle" time="18.880"/>
  <system-out/>
</testsuite> <!-- com.selenium.VerifyTitle -->
