<?xml version="1.0" encoding="UTF-8"?>
<!-- Generated by org.testng.reporters.JUnitReportReporter -->
<testsuite hostname="IWSL-W01" failures="0" tests="1" name="listners.MyFirstTestcase" time="16.917" errors="0" timestamp="2021-03-30T17:53:39 IST" skipped="0">
  <testcase classname="listners.MyFirstTestcase" name="GoogleTitleVerify" time="16.917"/>
  <system-out/>
</testsuite> <!-- listners.MyFirstTestcase -->
