<?xml version="1.0" encoding="UTF-8"?>
<!-- Generated by org.testng.reporters.JUnitReportReporter -->
<testsuite hostname="IWSL-W01" failures="0" tests="1" name="com.selenium.Soft_Assert" time="0.017" errors="0" timestamp="2021-03-30T16:17:28 IST" skipped="0">
  <testcase classname="com.selenium.Soft_Assert" name="TestSoft" time="0.017"/>
  <system-out/>
</testsuite> <!-- com.selenium.Soft_Assert -->
