<?xml version="1.0" encoding="UTF-8"?>
<!-- Generated by org.testng.reporters.JUnitReportReporter -->
<testsuite hostname="IWSL-W01" failures="0" tests="12" name="sample.TEstSNG" time="0.161" errors="0" timestamp="2021-03-29T17:39:51 IST" skipped="0">
  <testcase classname="sample.TEstSNG" name="FBtitleTest2" time="0.003"/>
  <system-out/>
  <testcase classname="sample.TEstSNG" name="FBtitleTest1" time="0.014"/>
  <system-out/>
  <testcase classname="sample.TEstSNG" name="FBtitleTest1" time="0.022"/>
  <system-out/>
  <testcase classname="sample.TEstSNG" name="FBtitleTest3" time="0.003"/>
  <system-out/>
  <testcase classname="sample.TEstSNG" name="FBtitleTest5" time="0.010"/>
  <system-out/>
  <testcase classname="sample.TEstSNG" name="FBtitleTest1" time="0.025"/>
  <system-out/>
  <testcase classname="sample.TEstSNG" name="FBtitleTest1" time="0.023"/>
  <system-out/>
  <testcase classname="sample.TEstSNG" name="FBtitleTest1" time="0.010"/>
  <system-out/>
  <testcase classname="sample.TEstSNG" name="FBtitleTest1" time="0.021"/>
  <system-out/>
  <testcase classname="sample.TEstSNG" name="FBtitleTest1" time="0.004"/>
  <system-out/>
  <testcase classname="sample.TEstSNG" name="FBtitleTest4" time="0.004"/>
  <system-out/>
  <testcase classname="sample.TEstSNG" name="FBtitleTest1" time="0.022"/>
  <system-out/>
</testsuite> <!-- sample.TEstSNG -->
