<?xml version="1.0" encoding="UTF-8"?>
<!-- Generated by org.testng.reporters.JUnitReportReporter -->
<testsuite hostname="IWSL-W01" failures="0" tests="2" name="sample.TestNG1" time="0.009" errors="0" timestamp="2021-03-29T17:16:23 IST" skipped="0">
  <testcase classname="sample.TestNG1" name="FBtitleTest10" time="0.003"/>
  <system-out/>
  <testcase classname="sample.TestNG1" name="FBtitleTest6" time="0.006"/>
  <system-out/>
</testsuite> <!-- sample.TestNG1 -->
